[ 2023-05-12 23:23:44,575 ] 26 root - INFO - Data Ingestion methods Starts
[ 2023-05-12 23:23:44,579 ] 29 root - INFO - Dataset read as pandas Dataframe
[ 2023-05-12 23:23:44,591 ] 33 root - INFO - Train test split
[ 2023-05-12 23:23:44,615 ] 39 root - INFO - Ingestion of Data is completed
[ 2023-05-12 23:23:44,619 ] 77 root - INFO - Read train and test data completed
[ 2023-05-12 23:23:44,622 ] 78 root - INFO - Train Dataframe Head : 
   age     sex   bmi  children smoker     region  expenses
0   61  female  31.2         0     no  northwest  13429.04
1   46    male  27.6         0     no  southwest  24603.05
2   54  female  31.9         3     no  southeast  27322.73
3   55    male  30.7         0    yes  northeast  42303.69
4   25    male  45.5         2    yes  southeast  42112.24
[ 2023-05-12 23:23:44,629 ] 79 root - INFO - Test Dataframe Head  : 
   age     sex   bmi  children smoker     region  expenses
0   45  female  25.2         2     no  northeast   9095.07
1   36  female  30.0         0     no  northwest   5272.18
2   64  female  26.9         0    yes  northwest  29330.98
3   46    male  25.7         3     no  northwest   9301.89
4   19    male  31.9         0    yes  northwest  33750.29
[ 2023-05-12 23:23:44,629 ] 81 root - INFO - Obtaining preprocessing object
[ 2023-05-12 23:23:44,629 ] 26 root - INFO - Data Transformation initiated
[ 2023-05-12 23:23:44,629 ] 36 root - INFO - Pipeline Initiated
[ 2023-05-12 23:23:44,641 ] 98 root - INFO - Applying preprocessing object on training and testing datasets.
[ 2023-05-12 23:23:44,644 ] 110 root - INFO - Preprocessor pickle file saved
