[ 2023-05-14 11:57:55,718 ] 26 root - INFO - Data Ingestion methods Starts
[ 2023-05-14 11:57:55,725 ] 29 root - INFO - Dataset read as pandas Dataframe
[ 2023-05-14 11:57:55,747 ] 33 root - INFO - Train test split
[ 2023-05-14 11:57:55,773 ] 39 root - INFO - Ingestion of Data is completed
[ 2023-05-14 11:57:55,776 ] 77 root - INFO - Read train and test data completed
[ 2023-05-14 11:57:55,780 ] 78 root - INFO - Train Dataframe Head : 
   age     sex   bmi  children smoker     region  expenses
0   61  female  31.2         0     no  northwest  13429.04
1   46    male  27.6         0     no  southwest  24603.05
2   54  female  31.9         3     no  southeast  27322.73
3   55    male  30.7         0    yes  northeast  42303.69
4   25    male  45.5         2    yes  southeast  42112.24
[ 2023-05-14 11:57:55,781 ] 79 root - INFO - Test Dataframe Head  : 
   age     sex   bmi  children smoker     region  expenses
0   45  female  25.2         2     no  northeast   9095.07
1   36  female  30.0         0     no  northwest   5272.18
2   64  female  26.9         0    yes  northwest  29330.98
3   46    male  25.7         3     no  northwest   9301.89
4   19    male  31.9         0    yes  northwest  33750.29
[ 2023-05-14 11:57:55,781 ] 81 root - INFO - Obtaining preprocessing object
[ 2023-05-14 11:57:55,782 ] 26 root - INFO - Data Transformation initiated
[ 2023-05-14 11:57:55,782 ] 36 root - INFO - Pipeline Initiated
[ 2023-05-14 11:57:55,793 ] 98 root - INFO - Applying preprocessing object on training and testing datasets.
[ 2023-05-14 11:57:55,796 ] 110 root - INFO - Preprocessor pickle file saved
[ 2023-05-14 11:57:55,796 ] 28 root - INFO - Splitting Dependent and Independent variables from train and test data
[ 2023-05-14 11:57:56,209 ] 53 root - INFO - Model Report : {'LinearRegression': 0.7694626233326284, 'Lasso': 0.7694666555845734, 'Ridge': 0.769443865722638, 'Elasticnet': 0.6785555614307723, 'Random Forest Regressor': 0.8539264031624293, 'Gradient Boosting Regressor': 0.8643940861818111, 'Decision Tree Regressor': 0.7307717284733501, 'Support Vector Regressor': -0.07841081152355556, 'KNN Regressor': 0.8276139187631248}
[ 2023-05-14 11:57:56,210 ] 66 root - INFO - Best Model Found , Model Name : Gradient Boosting Regressor , R2 Score : 0.8643940861818111
